# JRE version: OpenJDK Runtime Environment (17.0.6) (build 17.0.6+0-b2043.56-9586694)
# Java VM: OpenJDK 64-Bit Server VM (17.0.6+0-b2043.56-9586694, mixed mode, tiered, compressed oops, compressed class ptrs, g1 gc, windows-amd64)
GC Precious Log:
 CPUs: 8 total, 8 available
 Memory: 7103M
 Large Page Support: Disabled
 NUMA Support: Disabled
 Compressed Oops: Enabled (32-bit)
 Heap Region Size: 1M
 Heap Min Capacity: 8M
 Heap Initial Capacity: 112M
 Heap Max Capacity: 2G
 Pre-touch: Disabled
 Parallel Workers: 8
 Concurrent Workers: 2
 Concurrent Refinement Workers: 8
 Periodic GC: Disabled
Heap:
 garbage-first heap   total 398336K, used 256739K [0x0000000080000000, 0x0000000100000000)
  region size 1024K, 19 young (19456K), 6 survivors (6144K)
 Metaspace       used 128200K, committed 129152K, reserved 1163264K
  class space    used 17054K, committed 17472K, reserved 1048576K
GC Heap History (20 events):
Event: 34.890 GC heap before
{Heap before GC invocations=49 (full 0):
 garbage-first heap   total 308224K, used 257581K [0x0000000080000000, 0x0000000100000000)
  region size 1024K, 65 young (66560K), 9 survivors (9216K)
 Metaspace       used 116216K, committed 117056K, reserved 1155072K
  class space    used 15629K, committed 16064K, reserved 1048576K
}
Event: 34.909 GC heap after
{Heap after GC invocations=50 (full 0):
 garbage-first heap   total 308224K, used 205256K [0x0000000080000000, 0x0000000100000000)
  region size 1024K, 6 young (6144K), 6 survivors (6144K)
 Metaspace       used 116216K, committed 117056K, reserved 1155072K
  class space    used 15629K, committed 16064K, reserved 1048576K
}
Event: 37.379 GC heap before
{Heap before GC invocations=51 (full 0):
 garbage-first heap   total 355328K, used 259528K [0x0000000080000000, 0x0000000100000000)
  region size 1024K, 59 young (60416K), 6 survivors (6144K)
 Metaspace       used 117544K, committed 118400K, reserved 1155072K
  class space    used 15775K, committed 16192K, reserved 1048576K
}
Event: 37.412 GC heap after
{Heap after GC invocations=52 (full 0):
 garbage-first heap   total 355328K, used 209781K [0x0000000080000000, 0x0000000100000000)
  region size 1024K, 6 young (6144K), 6 survivors (6144K)
 Metaspace       used 117544K, committed 118400K, reserved 1155072K
  class space    used 15775K, committed 16192K, reserved 1048576K
}
Event: 37.600 GC heap before
{Heap before GC invocations=52 (full 0):
 garbage-first heap   total 355328K, used 221045K [0x0000000080000000, 0x0000000100000000)
  region size 1024K, 17 young (17408K), 6 survivors (6144K)
 Metaspace       used 117820K, committed 118656K, reserved 1155072K
  class space    used 15813K, committed 16192K, reserved 1048576K
}
Event: 37.621 GC heap after
{Heap after GC invocations=53 (full 0):
 garbage-first heap   total 355328K, used 210325K [0x0000000080000000, 0x0000000100000000)
  region size 1024K, 2 young (2048K), 2 survivors (2048K)
 Metaspace       used 117820K, committed 118656K, reserved 1155072K
  class space    used 15813K, committed 16192K, reserved 1048576K
}
Event: 40.459 GC heap before
{Heap before GC invocations=53 (full 0):
 garbage-first heap   total 355328K, used 294293K [0x0000000080000000, 0x0000000100000000)
  region size 1024K, 85 young (87040K), 2 survivors (2048K)
 Metaspace       used 121508K, committed 122432K, reserved 1155072K
  class space    used 16250K, committed 16704K, reserved 1048576K
}
Event: 40.474 GC heap after
{Heap after GC invocations=54 (full 0):
 garbage-first heap   total 355328K, used 216728K [0x0000000080000000, 0x0000000100000000)
  region size 1024K, 8 young (8192K), 8 survivors (8192K)
 Metaspace       used 121508K, committed 122432K, reserved 1155072K
  class space    used 16250K, committed 16704K, reserved 1048576K
}
Event: 3313.887 GC heap before
{Heap before GC invocations=54 (full 0):
 garbage-first heap   total 355328K, used 297624K [0x0000000080000000, 0x0000000100000000)
  region size 1024K, 87 young (89088K), 8 survivors (8192K)
 Metaspace       used 122349K, committed 123264K, reserved 1163264K
  class space    used 16333K, committed 16768K, reserved 1048576K
}
Event: 3313.997 GC heap after
{Heap after GC invocations=55 (full 0):
 garbage-first heap   total 355328K, used 218000K [0x0000000080000000, 0x0000000100000000)
  region size 1024K, 2 young (2048K), 2 survivors (2048K)
 Metaspace       used 122349K, committed 123264K, reserved 1163264K
  class space    used 16333K, committed 16768K, reserved 1048576K
}
Event: 5273.992 GC heap before
{Heap before GC invocations=55 (full 0):
 garbage-first heap   total 355328K, used 298896K [0x0000000080000000, 0x0000000100000000)
  region size 1024K, 82 young (83968K), 2 survivors (2048K)
 Metaspace       used 123062K, committed 124032K, reserved 1163264K
  class space    used 16412K, committed 16896K, reserved 1048576K
}
Event: 5274.048 GC heap after
{Heap after GC invocations=56 (full 0):
 garbage-first heap   total 355328K, used 222786K [0x0000000080000000, 0x0000000100000000)
  region size 1024K, 6 young (6144K), 6 survivors (6144K)
 Metaspace       used 123062K, committed 124032K, reserved 1163264K
  class space    used 16412K, committed 16896K, reserved 1048576K
}
Event: 5276.631 GC heap before
{Heap before GC invocations=57 (full 0):
 garbage-first heap   total 398336K, used 295903K [0x0000000080000000, 0x0000000100000000)
  region size 1024K, 79 young (80896K), 6 survivors (6144K)
 Metaspace       used 123845K, committed 124800K, reserved 1163264K
  class space    used 16441K, committed 16960K, reserved 1048576K
}
Event: 5276.702 GC heap after
{Heap after GC invocations=58 (full 0):
 garbage-first heap   total 398336K, used 230487K [0x0000000080000000, 0x0000000100000000)
  region size 1024K, 10 young (10240K), 10 survivors (10240K)
 Metaspace       used 123845K, committed 124800K, reserved 1163264K
  class space    used 16441K, committed 16960K, reserved 1048576K
}
Event: 5276.793 GC heap before
{Heap before GC invocations=58 (full 0):
 garbage-first heap   total 398336K, used 239703K [0x0000000080000000, 0x0000000100000000)
  region size 1024K, 19 young (19456K), 10 survivors (10240K)
 Metaspace       used 123871K, committed 124800K, reserved 1163264K
  class space    used 16443K, committed 16960K, reserved 1048576K
}
Event: 5276.826 GC heap after
{Heap after GC invocations=59 (full 0):
 garbage-first heap   total 398336K, used 228240K [0x0000000080000000, 0x0000000100000000)
  region size 1024K, 2 young (2048K), 2 survivors (2048K)
 Metaspace       used 123871K, committed 124800K, reserved 1163264K
  class space    used 16443K, committed 16960K, reserved 1048576K
}
Event: 5279.707 GC heap before
{Heap before GC invocations=59 (full 0):
 garbage-first heap   total 398336K, used 329616K [0x0000000080000000, 0x0000000100000000)
  region size 1024K, 102 young (104448K), 2 survivors (2048K)
 Metaspace       used 124806K, committed 125568K, reserved 1163264K
  class space    used 16620K, committed 17024K, reserved 1048576K
}
Event: 5279.752 GC heap after
{Heap after GC invocations=60 (full 0):
 garbage-first heap   total 398336K, used 238184K [0x0000000080000000, 0x0000000100000000)
  region size 1024K, 12 young (12288K), 12 survivors (12288K)
 Metaspace       used 124806K, committed 125568K, reserved 1163264K
  class space    used 16620K, committed 17024K, reserved 1048576K
}
Event: 5281.099 GC heap before
{Heap before GC invocations=60 (full 0):
 garbage-first heap   total 398336K, used 276072K [0x0000000080000000, 0x0000000100000000)
  region size 1024K, 51 young (52224K), 12 survivors (12288K)
 Metaspace       used 128044K, committed 128832K, reserved 1163264K
  class space    used 17037K, committed 17408K, reserved 1048576K
}
Event: 5281.138 GC heap after
{Heap after GC invocations=61 (full 0):
 garbage-first heap   total 398336K, used 243427K [0x0000000080000000, 0x0000000100000000)
  region size 1024K, 6 young (6144K), 6 survivors (6144K)
 Metaspace       used 128044K, committed 128832K, reserved 1163264K
  class space    used 17037K, committed 17408K, reserved 1048576K
}

